	.text
	.file	"operator.b8ecee2f1d56934d-cgu.0"
	.section	.text.cmp,"ax",@progbits
	.globl	cmp
	.p2align	3
	.type	cmp,@function
cmp:
	ldxdw r3, [r2 + 0]
	ldxdw r4, [r1 + 0]
	jne r4, r3, LBB0_7
	ldxdw r3, [r2 + 8]
	ldxdw r4, [r1 + 8]
	jne r4, r3, LBB0_7
	ldxdw r3, [r2 + 16]
	ldxdw r4, [r1 + 16]
	jne r4, r3, LBB0_7
	mov64 r3, 0
	ldxdw r2, [r2 + 24]
	ldxdw r1, [r1 + 24]
	jeq r1, r2, LBB0_4
LBB0_7:
	mov64 r3, 1
LBB0_4:
	mov64 r0, 1
	jeq r3, 0, LBB0_6
	mov64 r0, 0
LBB0_6:
	exit
.Lfunc_end0:
	.size	cmp, .Lfunc_end0-cmp

	.section	.text.entrypoint,"ax",@progbits
	.globl	entrypoint
	.p2align	3
	.type	entrypoint,@function
entrypoint:
	lddw r0, 47244640256
	ldxdw r2, [r1 + 0]
	jeq r2, 0, LBB1_10
	ldxb r3, [r1 + 8]
	jne r3, 255, LBB1_10
	lddw r0, 12884901888
	jne r2, 1, LBB1_10
	ldxdw r2, [r1 + 88]
	mov64 r3, r1
	add64 r3, r2
	mov64 r2, r3
	add64 r2, 10344
	add64 r3, 10351
	and64 r3, -8
	sub64 r3, r2
	add64 r2, r3
	ldxdw r3, [r2 + 0]
	add64 r2, r3
	ldxdw r3, [r2 + 8]
	ldxdw r4, [r1 + 16]
	jne r4, r3, LBB1_4
	ldxdw r3, [r2 + 16]
	ldxdw r4, [r1 + 24]
	jne r4, r3, LBB1_4
	ldxdw r3, [r2 + 24]
	ldxdw r4, [r1 + 32]
	jne r4, r3, LBB1_4
	mov64 r3, 0
	ldxdw r2, [r2 + 32]
	ldxdw r1, [r1 + 40]
	jeq r1, r2, LBB1_8
LBB1_4:
	mov64 r3, 1
LBB1_8:
	mov64 r0, 0
	jne r3, 0, LBB1_10
	lddw r0, 30064771072
LBB1_10:
	exit
.Lfunc_end1:
	.size	entrypoint, .Lfunc_end1-entrypoint

